make --dry-run --always-make --keep-going --print-directory
make: Entering directory `/Users/hankyuhong/Morning-Shell'
cc -g2 -fsanitize=address -I/opt/homebrew/Cellar/readline/8.1.2/include/ -c minishell.c -o minishell.o
cc -g2 -fsanitize=address -I/opt/homebrew/Cellar/readline/8.1.2/include/ -c signal.c -o signal.o
cc -g2 -fsanitize=address -I/opt/homebrew/Cellar/readline/8.1.2/include/ -c parser/lexer.c -o parser/lexer.o
cc -g2 -fsanitize=address -I/opt/homebrew/Cellar/readline/8.1.2/include/ -c parser/tokenize.c -o parser/tokenize.o
cc -g2 -fsanitize=address -I/opt/homebrew/Cellar/readline/8.1.2/include/ -c parser/input_check.c -o parser/input_check.o
cc -g2 -fsanitize=address -I/opt/homebrew/Cellar/readline/8.1.2/include/ -c parser/syntax.c -o parser/syntax.o
cc -g2 -fsanitize=address -I/opt/homebrew/Cellar/readline/8.1.2/include/ -c parser/syntax_table.c -o parser/syntax_table.o
cc -g2 -fsanitize=address -I/opt/homebrew/Cellar/readline/8.1.2/include/ -c utils/doubly_list.c -o utils/doubly_list.o
cc -g2 -fsanitize=address -I/opt/homebrew/Cellar/readline/8.1.2/include/ -c utils/tree.c -o utils/tree.o
cc -g2 -fsanitize=address -I/opt/homebrew/Cellar/readline/8.1.2/include/ -c utils/ft_strrep.c -o utils/ft_strrep.o
cc -g2 -fsanitize=address -I/opt/homebrew/Cellar/readline/8.1.2/include/ -c expand/expand.c -o expand/expand.o
cc -g2 -fsanitize=address -I/opt/homebrew/Cellar/readline/8.1.2/include/ -c expand/shell_var.c -o expand/shell_var.o
cc -g2 -fsanitize=address -I/opt/homebrew/Cellar/readline/8.1.2/include/ -c expand/wild_card.c -o expand/wild_card.o
cc -g2 -fsanitize=address -I/opt/homebrew/Cellar/readline/8.1.2/include/ -c expand/wild_card_utils.c -o expand/wild_card_utils.o
make -C ./libft
./make.sh
cc -g2 -fsanitize=address -Wall -Wextra -Werror minishell.o signal.o parser/lexer.o parser/tokenize.o parser/input_check.o parser/syntax.o parser/syntax_table.o utils/doubly_list.o utils/tree.o utils/ft_strrep.o expand/expand.o expand/shell_var.o expand/wild_card.o expand/wild_card_utils.o -o minishell -L/opt/homebrew/Cellar/readline/8.1.2/lib -lreadline -I/opt/homebrew/Cellar/readline/8.1.2/include/ ./libft/libft.a
make: Leaving directory `/Users/hankyuhong/Morning-Shell'
 
