make all --print-data-base --no-builtin-variables --no-builtin-rules --question
# GNU Make 3.81
# Copyright (C) 2006  Free Software Foundation, Inc.
# This is free software; see the source for copying conditions.
# There is NO warranty; not even for MERCHANTABILITY or FITNESS FOR A
# PARTICULAR PURPOSE.

# This program built for i386-apple-darwin11.3.0
 

# Make data base, printed on Wed Aug 24 14:05:35 2022

# Variables

# automatic
<D = $(patsubst %/,%,$(dir $<))
# automatic
?F = $(notdir $?)
 
# environment
ELECTRON_NO_ATTACH_CONSOLE = 1
# makefile (from `Makefile', line 4)
COMFILE_FLAGS = -I/opt/homebrew/Cellar/readline/8.1.2/include/
# automatic
?D = $(patsubst %/,%,$(dir $?))
# automatic
@D = $(patsubst %/,%,$(dir $@))
# automatic
@F = $(notdir $@)
# makefile
CURDIR := /Users/hankyuhong/Morning-Shell
# makefile (from `Makefile', line 26)
SHELL = bash
# makefile (from `Makefile', line 7)
RM = rm -f
# environment
VSCODE_NLS_CONFIG = {"locale":"ko","availableLanguages":{"*":"ko"},"_languagePackId":"d4733d4bd5138ffb2c9d12a76b2e9102.ko","_translationsConfigFile":"/Users/hankyuhong/Library/Application Support/Code/clp/d4733d4bd5138ffb2c9d12a76b2e9102.ko/tcf.json","_cacheRoot":"/Users/hankyuhong/Library/Application Support/Code/clp/d4733d4bd5138ffb2c9d12a76b2e9102.ko","_resolvedLanguagePackCoreLocation":"/Users/hankyuhong/Library/Application Support/Code/clp/d4733d4bd5138ffb2c9d12a76b2e9102.ko/e4503b30fc78200f846c62cf8091b76ff5547662","_corruptedFile":"/Users/hankyuhong/Library/Application Support/Code/clp/d4733d4bd5138ffb2c9d12a76b2e9102.ko/corrupted.info","_languagePackSupport":true}
# environment
_ = /usr/bin/make
# makefile (from `Makefile', line 2)
CFLAGS = -Wall -Wextra -Werror
# makefile (from `Makefile', line 1)
MAKEFILE_LIST :=  Makefile
# makefile (from `Makefile', line 5)
DFLAGS = -g3 -fsanitize=address
# environment
__CFBundleIdentifier = com.microsoft.VSCode
# environment
INFOPATH = /opt/homebrew/share/info:
# environment
VSCODE_CWD = /Users/hankyuhong/42_cursus/philosophers
# environment
PATH = /opt/homebrew/bin:/opt/homebrew/sbin:/usr/local/bin:/usr/bin:/bin:/usr/sbin:/sbin
# environment
ELECTRON_RUN_AS_NODE = 1
# default
.FEATURES := target-specific order-only second-expansion else-if archives jobserver check-symlink
# environment
SSH_AUTH_SOCK = /private/tmp/com.apple.launchd.LXyApPSz07/Listeners
# automatic
%F = $(notdir $%)
# makefile (from `Makefile', line 23)
OBJS = $(SRCS:%.c=%.o)
# environment
PWD = /Users/hankyuhong/Morning-Shell
# environment
HOMEBREW_CELLAR = /opt/homebrew/Cellar
# environment
ORIGINAL_XDG_CURRENT_DESKTOP = undefined
# environment
MANPATH = /opt/homebrew/share/man::
# environment
VSCODE_AMD_ENTRYPOINT = vs/workbench/api/node/extensionHostProcess
# environment
HOME = /Users/hankyuhong
# default
MAKEFILEPATH = $(shell /usr/bin/xcode-select -print-path 2>/dev/null || echo /Developer)/Makefiles
# environment
VSCODE_CLI = 1
# environment
VSCODE_CODE_CACHE_PATH = /Users/hankyuhong/Library/Application Support/Code/CachedData/e4503b30fc78200f846c62cf8091b76ff5547662
# environment
LOGNAME = hankyuhong
# environment
APPLICATION_INSIGHTS_NO_DIAGNOSTIC_CHANNEL = 1
# environment
VSCODE_HANDLES_UNCAUGHT_ERRORS = true
# automatic
^D = $(patsubst %/,%,$(dir $^))
# environment
XPC_FLAGS = 0x0
# default
MAKE = $(MAKE_COMMAND)
# default
MAKECMDGOALS := all
# makefile (from `Makefile', line 12)
SRCS = minishell.c signal.c $(PARSER_DIR)/lexer.c $(PARSER_DIR)/tokenize.c $(PARSER_DIR)/input_check.c $(PARSER_DIR)/syntax.c $(PARSER_DIR)/syntax_table.c $(UTILS_DIR)/doubly_list.c $(UTILS_DIR)/tree.c
# environment
SHLVL = 3
# makefile (from `Makefile', line 1)
CC = cc
# default
MAKE_VERSION := 3.81
# environment
USER = hankyuhong
# makefile
.DEFAULT_GOAL := all
# environment
TERM_SESSION_ID = 633D22DC-25C5-4B48-A272-8E744CE0ABA6
# makefile (from `Makefile', line 25)
NAME = minishell
# automatic
%D = $(patsubst %/,%,$(dir $%))
# default
MAKE_COMMAND := /Library/Developer/CommandLineTools/usr/bin/make
# environment
TERM_PROGRAM = Apple_Terminal
# default
.VARIABLES := 
# environment
TMPDIR = /var/folders/nq/tcfbfnfs5vlfhgjd271hhxq00000gp/T/
# makefile (from `Makefile', line 3)
LINKING_FLAGS = -L/opt/homebrew/Cellar/readline/8.1.2/lib -lreadline
# automatic
 
*F = $(notdir $*)
# environment
VSCODE_IPC_HOOK = /Users/hankyuhong/Library/Application Support/Code/1.70.2-main.sock
# environment
MallocNanoZone = 0
# makefile
MAKEFLAGS = Rrqp
# environment
MFLAGS = -Rrqp
# automatic
*D = $(patsubst %/,%,$(dir $*))
# environment
TERM_PROGRAM_VERSION = 445
# environment
XPC_SERVICE_NAME = application.com.microsoft.VSCode.1865362.1865368.D7AB215F-B1F5-420D-8A0B-E6FF4E4BAD82
# environment
HOMEBREW_PREFIX = /opt/homebrew
# automatic
+D = $(patsubst %/,%,$(dir $+))
# automatic
+F = $(notdir $+)
# makefile (from `Makefile', line 9)
PARSER_DIR = parser
# makefile (from `Makefile', line 10)
UTILS_DIR = utils
# environment
HOMEBREW_REPOSITORY = /opt/homebrew
# environment
__CF_USER_TEXT_ENCODING = 0x1F6:0x3:0x33
# environment
COMMAND_MODE = unix2003
# default
MAKEFILES := 
# automatic
<F = $(notdir $<)
# environment
LC_ALL = C
# automatic
^F = $(notdir $^)
# default
SUFFIXES := 
# environment
MAKELEVEL := 0
# environment
LANG = C
# environment
TERM = xterm-256color
# environment
VSCODE_PID = 49716
# variable set hash-table stats:
# Load=79/1024=8%, Rehash=0, Collisions=6/114=5%

# Pattern-specific Variable Values

# No pattern-specific variable values.

# Directories

# utils (device 16777229, inode 2324342): 6 files, no impossibilities so far.
# . (device 16777229, inode 2324264): 25 files, no impossibilities.
# parser (device 16777229, inode 2324396): 12 files, no impossibilities so far.

# 43 files, no impossibilities in 3 directories.

# Implicit Rules

%.o: %.c
#  commands to execute (from `Makefile', line 36):
	@$(CC) $(COMFILE_FLAGS) -c $< -o $@
	

# 1 implicit rules, 0 (0.0%) terminal.

 
# Files

# Not a target:
utils/tree.c:
#  Implicit rule search has been done.
#  Last modified 2022-08-24 14:04:27
#  File has been updated.
#  Successfully updated.
# variable set hash-table stats:
# Load=0/32=0%, Rehash=0, Collisions=0/0=0%

parser/input_check.o: parser/input_check.c
#  Implicit rule search has been done.
#  Implicit/static pattern stem: `parser/input_check'
#  Last modified 2022-08-24 14:04:44
#  File has been updated.
#  Successfully updated.
# variable set hash-table stats:
# Load=0/32=0%, Rehash=0, Collisions=0/0=0%
#  commands to execute (from `Makefile', line 36):
	@$(CC) $(COMFILE_FLAGS) -c $< -o $@
	

utils/doubly_list.o: utils/doubly_list.c
#  Implicit rule search has been done.
#  Implicit/static pattern stem: `utils/doubly_list'
#  Last modified 2022-08-24 14:04:44
#  File has been updated.
#  Successfully updated.
# variable set hash-table stats:
# Load=0/32=0%, Rehash=0, Collisions=0/0=0%
#  commands to execute (from `Makefile', line 36):
	@$(CC) $(COMFILE_FLAGS) -c $< -o $@
	

all: minishell
#  Phony target (prerequisite of .PHONY).
#  Command-line target.
#  Implicit rule search has not been done.
#  File does not exist.
#  File has been updated.
#  Successfully updated.
# variable set hash-table stats:
# Load=0/32=0%, Rehash=0, Collisions=0/0=0%

parser/syntax_table.o: parser/syntax_table.c
#  Implicit rule search has been done.
#  Implicit/static pattern stem: `parser/syntax_table'
#  Last modified 2022-08-24 14:04:44
#  File has been updated.
#  Successfully updated.
# variable set hash-table stats:
# Load=0/32=0%, Rehash=0, Collisions=0/0=0%
#  commands to execute (from `Makefile', line 36):
	@$(CC) $(COMFILE_FLAGS) -c $< -o $@
	

.PHONY: all clean fclean re
#  Implicit rule search has not been done.
#  Modification time never checked.
#  File has not been updated.

# Not a target:
.SUFFIXES:
#  Implicit rule search has not been done.
#  Modification time never checked.
#  File has not been updated.

# Not a target:
Makefile:
#  Implicit rule search has been done.
#  Last modified 2022-08-24 14:04:58
#  File has been updated.
 
#  Successfully updated.
# variable set hash-table stats:
# Load=0/32=0%, Rehash=0, Collisions=0/0=0%

# Not a target:
signal.c:
#  Implicit rule search has been done.
#  Last modified 2022-08-24 09:50:33
#  File has been updated.
#  Successfully updated.
# variable set hash-table stats:
# Load=0/32=0%, Rehash=0, Collisions=0/0=0%

parser/lexer.o: parser/lexer.c
#  Implicit rule search has been done.
#  Implicit/static pattern stem: `parser/lexer'
#  Last modified 2022-08-24 14:04:44
#  File has been updated.
#  Successfully updated.
# variable set hash-table stats:
# Load=0/32=0%, Rehash=0, Collisions=0/0=0%
#  commands to execute (from `Makefile', line 36):
	@$(CC) $(COMFILE_FLAGS) -c $< -o $@
	

# Not a target:
parser/input_check.c:
#  Implicit rule search has been done.
#  Last modified 2022-08-24 09:44:37
#  File has been updated.
#  Successfully updated.
# variable set hash-table stats:
# Load=0/32=0%, Rehash=0, Collisions=0/0=0%

# Not a target:
utils/doubly_list.c:
#  Implicit rule search has been done.
#  Last modified 2022-08-24 10:02:44
#  File has been updated.
#  Successfully updated.
# variable set hash-table stats:
# Load=0/32=0%, Rehash=0, Collisions=0/0=0%

minishell: minishell.o signal.o parser/lexer.o parser/tokenize.o parser/input_check.o parser/syntax.o parser/syntax_table.o utils/doubly_list.o utils/tree.o
#  Implicit rule search has not been done.
#  Last modified 2022-08-24 14:04:46
#  File has been updated.
#  Successfully updated.
# variable set hash-table stats:
# Load=0/32=0%, Rehash=0, Collisions=0/0=0%
#  commands to execute (from `Makefile', line 31):
	@make -C ./libft
	@./make.sh
	@$(CC) $(DFLAGS) $(CFLAGS) $(OBJS) -o $(NAME) $(LINKING_FLAGS) $(COMFILE_FLAGS) ./libft/libft.a
	

minishell.o: minishell.c
#  Implicit rule search has been done.
#  Implicit/static pattern stem: `minishell'
#  Last modified 2022-08-24 14:04:44
#  File has been updated.
#  Successfully updated.
# variable set hash-table stats:
# Load=0/32=0%, Rehash=0, Collisions=0/0=0%
#  commands to execute (from `Makefile', line 36):
	@$(CC) $(COMFILE_FLAGS) -c $< -o $@
	

# Not a target:
parser/syntax_table.c:
#  Implicit rule search has been done.
#  Last modified 2022-08-24 09:44:27
#  File has been updated.
#  Successfully updated.
# variable set hash-table stats:
# Load=0/32=0%, Rehash=0, Collisions=0/0=0%

parser/tokenize.o: parser/tokenize.c
#  Implicit rule search has been done.
#  Implicit/static pattern stem: `parser/tokenize'
#  Last modified 2022-08-24 14:04:44
#  File has been updated.
#  Successfully updated.
# variable set hash-table stats:
# Load=0/32=0%, Rehash=0, Collisions=0/0=0%
#  commands to execute (from `Makefile', line 36):
	@$(CC) $(COMFILE_FLAGS) -c $< -o $@
	

fclean:
#  Phony target (prerequisite of .PHONY).
#  Implicit rule search has not been done.
#  File does not exist.
#  File has not been updated.
#  commands to execute (from `Makefile', line 43):
	@make -C ./libft fclean
	@$(RM) $(OBJS) $(NAME)
	

# Not a target:
.DEFAULT:
#  Implicit rule search has not been done.
#  Modification time never checked.
#  File has not been updated.

parser/syntax.o: parser/syntax.c
#  Implicit rule search has been done.
#  Implicit/static pattern stem: `parser/syntax'
#  Last modified 2022-08-24 14:04:44
#  File has been updated.
#  Successfully updated.
# variable set hash-table stats:
# Load=0/32=0%, Rehash=0, Collisions=0/0=0%
#  commands to execute (from `Makefile', line 36):
	@$(CC) $(COMFILE_FLAGS) -c $< -o $@
	

re:
 
#  Phony target (prerequisite of .PHONY).
#  Implicit rule search has not been done.
#  File does not exist.
#  File has not been updated.
#  commands to execute (from `Makefile', line 47):
	@make fclean
	@make all
	

run:
#  Implicit rule search has not been done.
#  Modification time never checked.
#  File has not been updated.
#  commands to execute (from `Makefile', line 51):
	@cat ascii_art/sun
	@make re
	@./minishell
	

clean:
#  Phony target (prerequisite of .PHONY).
#  Implicit rule search has not been done.
#  File does not exist.
#  File has not been updated.
#  commands to execute (from `Makefile', line 39):
	@make -C ./libft fclean
	@$(RM) $(OBJS)
	

utils/tree.o: utils/tree.c
#  Implicit rule search has been done.
#  Implicit/static pattern stem: `utils/tree'
#  Last modified 2022-08-24 14:04:44
#  File has been updated.
#  Successfully updated.
# variable set hash-table stats:
# Load=0/32=0%, Rehash=0, Collisions=0/0=0%
#  commands to execute (from `Makefile', line 36):
	@$(CC) $(COMFILE_FLAGS) -c $< -o $@
	

# Not a target:
parser/lexer.c:
#  Implicit rule search has been done.
#  Last modified 2022-08-24 10:04:26
#  File has been updated.
#  Successfully updated.
# variable set hash-table stats:
# Load=0/32=0%, Rehash=0, Collisions=0/0=0%

# Not a target:
minishell.c:
#  Implicit rule search has been done.
#  Last modified 2022-08-24 14:01:25
#  File has been updated.
#  Successfully updated.
# variable set hash-table stats:
# Load=0/32=0%, Rehash=0, Collisions=0/0=0%

# Not a target:
parser/tokenize.c:
#  Implicit rule search has been done.
#  Last modified 2022-08-24 10:09:35
#  File has been updated.
#  Successfully updated.
# variable set hash-table stats:
# Load=0/32=0%, Rehash=0, Collisions=0/0=0%

signal.o: signal.c
#  Implicit rule search has been done.
#  Implicit/static pattern stem: `signal'
#  Last modified 2022-08-24 14:04:44
#  File has been updated.
#  Successfully updated.
# variable set hash-table stats:
# Load=0/32=0%, Rehash=0, Collisions=0/0=0%
#  commands to execute (from `Makefile', line 36):
	@$(CC) $(COMFILE_FLAGS) -c $< -o $@
	

# Not a target:
parser/syntax.c:
#  Implicit rule search has been done.
#  Last modified 2022-08-24 09:37:24
#  File has been updated.
#  Successfully updated.
# variable set hash-table stats:
# Load=0/32=0%, Rehash=0, Collisions=0/0=0%

# files hash-table stats:
# Load=28/1024=3%, Rehash=0, Collisions=0/82=0%
# VPATH Search Paths

# No `vpath' search paths.

# No general (`VPATH' variable) search path.

# # of strings in strcache: 1
# # of strcache buffers: 1
# strcache size: total = 4096 / max = 4096 / min = 4096 / avg = 4096
# strcache free: total = 4087 / max = 4087 / min = 4087 / avg = 4087

# Finished Make data base on Wed Aug 24 14:05:35 2022

 
